<?xml version="1.0" encoding="UTF-8"?>
<!-- Generated by org.testng.reporters.JUnitReportReporter -->
<testsuite skipped="0" hostname="qhpunm7lp019" name="seqrite.mdm.test.DevicesTest" tests="1" failures="0" timestamp="13 Aug 2018 12:40:55 GMT" time="44.254" errors="0">
  <testcase name="verify_check_add_app" time="44.254" classname="seqrite.mdm.test.DevicesTest"/>
</testsuite> <!-- seqrite.mdm.test.DevicesTest -->
