<?xml version="1.0" encoding="UTF-8"?>
<!-- Generated by org.testng.reporters.JUnitReportReporter -->
<testsuite skipped="0" hostname="qhpunm7lp019" name="seqrite.mdm.test.FenceTest" tests="5" failures="0" timestamp="07 Aug 2018 13:35:16 GMT" time="100.520" errors="0">
  <testcase name="verify_Create_WiFi_Fence" time="13.432" classname="seqrite.mdm.test.FenceTest"/>
  <testcase name="verify_create_Geo_fence" time="16.137" classname="seqrite.mdm.test.FenceTest"/>
  <testcase name="verify_create_Time_fence" time="23.196" classname="seqrite.mdm.test.FenceTest"/>
  <testcase name="verify_create_fence_configuration" time="17.382" classname="seqrite.mdm.test.FenceTest"/>
  <testcase name="apply_fence_configuration" time="30.373" classname="seqrite.mdm.test.FenceTest"/>
</testsuite> <!-- seqrite.mdm.test.FenceTest -->
