<?xml version="1.0" encoding="UTF-8"?>
<!-- Generated by org.testng.reporters.JUnitReportReporter -->
<testsuite skipped="0" hostname="qhpunm7lp019" name="seqrite.mdm.test.AntitheftTest" tests="2" failures="0" timestamp="07 Aug 2018 13:35:16 GMT" time="47.510" errors="0">
  <testcase name="verify_Add_Antitheft" time="19.860" classname="seqrite.mdm.test.AntitheftTest"/>
  <testcase name="Apply_Antitheft_Configuration" time="27.650" classname="seqrite.mdm.test.AntitheftTest"/>
</testsuite> <!-- seqrite.mdm.test.AntitheftTest -->
