<?xml version="1.0" encoding="UTF-8"?>
<!-- Generated by org.testng.reporters.JUnitReportReporter -->
<testsuite skipped="0" hostname="qhpunm7lp019" name="seqrite.mdm.test.AppConfigurationTest" tests="3" failures="0" timestamp="07 Aug 2018 13:35:16 GMT" time="98.864" errors="0">
  <testcase name="verify_Add_App_Configuration" time="22.850" classname="seqrite.mdm.test.AppConfigurationTest"/>
  <testcase name="verify_Apply_App_Configuration" time="32.616" classname="seqrite.mdm.test.AppConfigurationTest"/>
  <testcase name="verify_apply_Launcher_Configration" time="43.398" classname="seqrite.mdm.test.AppConfigurationTest"/>
</testsuite> <!-- seqrite.mdm.test.AppConfigurationTest -->
