<?xml version="1.0" encoding="UTF-8"?>
<!-- Generated by org.testng.reporters.JUnitReportReporter -->
<testsuite skipped="0" hostname="qhpunm7lp019" name="seqrite.mdm.test.NetworkconfigTest" tests="2" failures="0" timestamp="07 Aug 2018 13:35:16 GMT" time="73.100" errors="0">
  <testcase name="verify_Create_Networkconfig" time="28.620" classname="seqrite.mdm.test.NetworkconfigTest"/>
  <testcase name="verify_apply_Networkconfig" time="44.480" classname="seqrite.mdm.test.NetworkconfigTest"/>
</testsuite> <!-- seqrite.mdm.test.NetworkconfigTest -->
