<?xml version="1.0" encoding="UTF-8"?>
<!-- Generated by org.testng.reporters.JUnitReportReporter -->
<testsuite skipped="0" hostname="qhpunm7lp019" name="seqrite.mdm.test.ScheduleScanTest" tests="2" failures="0" timestamp="07 Aug 2018 13:35:16 GMT" time="68.816" errors="0">
  <testcase name="verify_add_ScheduleScan" time="15.566" classname="seqrite.mdm.test.ScheduleScanTest"/>
  <testcase name="apply_ScheduleScan" time="53.250" classname="seqrite.mdm.test.ScheduleScanTest"/>
</testsuite> <!-- seqrite.mdm.test.ScheduleScanTest -->
