<?xml version="1.0" encoding="UTF-8"?>
<!-- Generated by org.testng.reporters.JUnitReportReporter -->
<testsuite skipped="0" hostname="qhpunm7lp019" name="seqrite.mdm.test.WebSecurityTest" tests="2" failures="0" timestamp="07 Aug 2018 13:35:16 GMT" time="67.453" errors="0">
  <testcase name="verify_Create_WebSecurity" time="17.594" classname="seqrite.mdm.test.WebSecurityTest"/>
  <testcase name="apply_Configuration" time="49.859" classname="seqrite.mdm.test.WebSecurityTest"/>
</testsuite> <!-- seqrite.mdm.test.WebSecurityTest -->
