<?xml version="1.0" encoding="UTF-8"?>
<!-- Generated by org.testng.reporters.JUnitReportReporter -->
<testsuite skipped="0" hostname="qhpunm7lp019" name="seqrite.mdm.test.DevicesTest" tests="1" failures="0" timestamp="13 Aug 2018 07:05:52 GMT" time="25.572" errors="0">
  <testcase name="verify_check_app_inventory_app_uninstall" time="25.572" classname="seqrite.mdm.test.DevicesTest"/>
</testsuite> <!-- seqrite.mdm.test.DevicesTest -->
