<?xml version="1.0" encoding="UTF-8"?>
<!-- Generated by org.testng.reporters.JUnitReportReporter -->
<testsuite skipped="0" hostname="qhpunm7lp019" name="seqrite.mdm.test.DevicesTest" tests="2" failures="0" timestamp="21 Aug 2018 11:42:59 GMT" time="61.468" errors="0">
  <testcase name="verify_check_device_action_enabling_call_sms" time="34.057" classname="seqrite.mdm.test.DevicesTest"/>
  <testcase name="verify_check_search_command_policy_config_on_activity_tab" time="27.411" classname="seqrite.mdm.test.DevicesTest"/>
</testsuite> <!-- seqrite.mdm.test.DevicesTest -->
