<?xml version="1.0" encoding="UTF-8"?>
<!-- Generated by org.testng.reporters.JUnitReportReporter -->
<testsuite skipped="0" hostname="qhpunm7lp019" name="seqrite.mdm.test.DevicesTest" tests="1" failures="0" timestamp="09 Aug 2018 07:00:39 GMT" time="21.241" errors="0">
  <testcase name="verify_device_list_enroll_with_ADO" time="21.241" classname="seqrite.mdm.test.DevicesTest"/>
</testsuite> <!-- seqrite.mdm.test.DevicesTest -->
