<?xml version="1.0" encoding="UTF-8"?>
<!-- Generated by org.testng.reporters.JUnitReportReporter -->
<testsuite skipped="0" hostname="qhpunm7lp019" name="seqrite.mdm.test.UserTest" tests="1" failures="0" timestamp="08 Aug 2018 13:00:01 GMT" time="24.813" errors="0">
  <testcase name="verify_check_Enroll_New_Device_via_overview" time="24.813" classname="seqrite.mdm.test.UserTest"/>
</testsuite> <!-- seqrite.mdm.test.UserTest -->
