<?xml version="1.0" encoding="UTF-8"?>
<!-- Generated by org.testng.reporters.JUnitReportReporter -->
<testsuite skipped="0" hostname="qhpunm7lp019" name="seqrite.mdm.test.WifiConfigurationTest" tests="2" failures="0" timestamp="03 Aug 2018 11:25:22 GMT" time="60.041" errors="0">
  <testcase name="verify_Create_WifiConfiguration" time="23.484" classname="seqrite.mdm.test.WifiConfigurationTest"/>
  <testcase name="apply_WifiConfiguration" time="36.557" classname="seqrite.mdm.test.WifiConfigurationTest"/>
</testsuite> <!-- seqrite.mdm.test.WifiConfigurationTest -->
