<?xml version="1.0" encoding="UTF-8"?>
<!-- Generated by org.testng.reporters.JUnitReportReporter -->
<testsuite skipped="0" hostname="qhpunm7lp019" name="seqrite.mdm.test.PoliciesTest" tests="2" failures="0" timestamp="07 Aug 2018 13:35:16 GMT" time="51.642" errors="0">
  <testcase name="verify_create_policy" time="15.018" classname="seqrite.mdm.test.PoliciesTest"/>
  <testcase name="apply_policy" time="36.624" classname="seqrite.mdm.test.PoliciesTest"/>
</testsuite> <!-- seqrite.mdm.test.PoliciesTest -->
