<?xml version="1.0" encoding="UTF-8"?>
<!-- Generated by org.testng.reporters.JUnitReportReporter -->
<testsuite hostname="PUNE-DT-0689" name="seqrite.mdm.utils.CommonUtils" tests="1" failures="0" timestamp="15 Mar 2017 10:37:39 GMT" time="0.025" errors="0">
  <testcase name="execute_batch" time="0.025" classname="seqrite.mdm.utils.CommonUtils"/>
</testsuite> <!-- seqrite.mdm.utils.CommonUtils -->
