<?xml version="1.0" encoding="UTF-8"?>
<!-- Generated by org.testng.reporters.JUnitReportReporter -->
<testsuite skipped="0" hostname="qhpunm7lp019" name="seqrite.mdm.test.GroupTest" tests="1" failures="0" timestamp="03 Aug 2018 13:52:40 GMT" time="15.271" errors="0">
  <testcase name="verify_add_group" time="15.271" classname="seqrite.mdm.test.GroupTest"/>
</testsuite> <!-- seqrite.mdm.test.GroupTest -->
